<?xml version="1.0" encoding="UTF-8"?>
<testsuite name="amazonpagetest.DummyTest" tests="13" skipped="0" failures="0" errors="0" timestamp="2019-02-07T07:09:40" hostname="in-Akashgupta.local" time="0.073">
  <properties/>
  <testcase name="testA" classname="amazonpagetest.DummyTest" time="0.002"/>
  <testcase name="testB" classname="amazonpagetest.DummyTest" time="0.003"/>
  <testcase name="testC" classname="amazonpagetest.DummyTest" time="0.002"/>
  <testcase name="testD" classname="amazonpagetest.DummyTest" time="0.001"/>
  <testcase name="testE" classname="amazonpagetest.DummyTest" time="0.001"/>
  <testcase name="testF" classname="amazonpagetest.DummyTest" time="0.004"/>
  <testcase name="testG" classname="amazonpagetest.DummyTest" time="0.0"/>
  <testcase name="testH" classname="amazonpagetest.DummyTest" time="0.0"/>
  <testcase name="testI" classname="amazonpagetest.DummyTest" time="0.001"/>
  <testcase name="testJ" classname="amazonpagetest.DummyTest" time="0.001"/>
  <testcase name="testK" classname="amazonpagetest.DummyTest" time="0.001"/>
  <testcase name="testL" classname="amazonpagetest.DummyTest" time="0.0"/>
  <testcase name="testM" classname="amazonpagetest.DummyTest" time="0.005"/>
  <system-out><![CDATA[Before Method
A
After Method
Before Method
B
After Method
Before Method
C
After Method
Before Method
D
After Method
Before Method
E
After Method
Before Method
F
After Method
Before Method
G
After Method
Before Method
H
After Method
Before Method
I
After Method
Before Method
J
After Method
Before Method
K
After Method
Before Method
L
After Method
Before Method
M
After Method
]]></system-out>
  <system-err><![CDATA[]]></system-err>
</testsuite>
